<?xml version="1.0" encoding="UTF-8"?>
<!-- Generated by org.testng.reporters.JUnitXMLReporter -->
<testsuite hostname="LAPTOP-FT1A29EQ" ignored="0" name="Test" tests="11" failures="1" timestamp="20 Jun 2021 20:06:42 GMT" time="91.665" errors="0">
  <testcase name="freeCrmTitleTest" time="20.498" classname="com.POM.MyProject_POM.FreeCrmTest">
    <failure type="java.lang.AssertionError" message="expected [true] but found [false]">
      <![CDATA[java.lang.AssertionError: expected [true] but found [false]
	at com.POM.MyProject_POM.FreeCrmTest.freeCrmTitleTest(FreeCrmTest.java:41)
... Removed 29 stack frames]]>
    </failure>
  </testcase> <!-- freeCrmTitleTest -->
  <testcase name="verifyContactsPageLabel" time="0.146" classname="com.POM.MyProject_POM.ContactsPageTest"/>
  <testcase name="verifyHomePageTitleTest" time="0.017" classname="com.POM.MyProject_POM.HomePageTest"/>
  <testcase name="loginPageTitleTest" time="0.009" classname="com.POM.MyProject_POM.LoginPageTest"/>
  <testcase name="selectSingleContactsTest" time="0.511" classname="com.POM.MyProject_POM.ContactsPageTest"/>
  <testcase name="verifyUserNameTest" time="0.063" classname="com.POM.MyProject_POM.HomePageTest"/>
  <testcase name="crmLogoImageTest" time="0.173" classname="com.POM.MyProject_POM.LoginPageTest"/>
  <testcase name="selectMultipleContactsTest" time="1.949" classname="com.POM.MyProject_POM.ContactsPageTest"/>
  <testcase name="verifyContactsLinkTest" time="0.196" classname="com.POM.MyProject_POM.HomePageTest"/>
  <testcase name="loginTest" time="3.422" classname="com.POM.MyProject_POM.LoginPageTest"/>
  <testcase name="validateCreateNewContact" time="0.0" classname="com.POM.MyProject_POM.ContactsPageTest">
    <skipped/>
  </testcase> <!-- validateCreateNewContact -->
</testsuite> <!-- Test -->
